04-20-2017 @ 04:52:52 - 
04-20-2017 @ 04:53:48 - 
04-20-2017 @ 04:54:34 - 
04-20-2017 @ 04:55:43 - 
04-20-2017 @ 04:56:11 - 
04-20-2017 @ 05:05:35 - 
04-20-2017 @ 05:07:26 - 
04-20-2017 @ 05:08:27 - 
04-20-2017 @ 05:11:31 - 
04-20-2017 @ 06:06:55 - 
04-20-2017 @ 06:07:34 - 
04-20-2017 @ 06:08:06 - 
04-20-2017 @ 06:14:56 - 
04-20-2017 @ 06:17:16 - 
04-20-2017 @ 06:30:13 - 
04-20-2017 @ 06:37:06 - 
04-20-2017 @ 06:38:43 - 
04-20-2017 @ 06:39:54 - 
04-20-2017 @ 06:49:22 - {"error_message":"error:140770FC:SSL routines:SSL23_GET_SERVER_HELLO:unknown protocol"}
04-20-2017 @ 06:51:33 - {"error_message":"error:140770FC:SSL routines:SSL23_GET_SERVER_HELLO:unknown protocol"}
04-20-2017 @ 06:52:31 - 
04-20-2017 @ 08:24:09 - 
04-20-2017 @ 08:27:20 - http://sandbox.nganluong.vn:8088/nl30/checkout/version31/index/token_code/35836-52d5f3046ce95d40095baeaea8eb0d83
04-20-2017 @ 08:29:17 - 
04-20-2017 @ 08:45:52 - http://sandbox.nganluong.vn:8088/nl30/checkout/version31/index/token_code/35852-6545cb0b689f6cc6795de64eee5b2fa2
04-20-2017 @ 08:46:39 - http://sandbox.nganluong.vn:8088/nl30/checkout/version31/index/token_code/35853-026087ce941b6556a83b47b194337106
04-20-2017 @ 08:54:21 - 
04-20-2017 @ 09:25:03 - http://sandbox.nganluong.vn:8088/nl30/checkout/version31/index/token_code/35871-2245ce0d52b03a0281b90039d4250625
04-20-2017 @ 10:25:37 - http://sandbox.nganluong.vn:8088/nl30/checkout/version31/index/token_code/35876-75f0b562427ca1fed263ce2d8c67e345
04-20-2017 @ 14:33:31 - http://sandbox.nganluong.vn:8088/nl30/checkout/version31/index/token_code/35879-16de83b3ce3d9fb5f9218a091c776eae
04-20-2017 @ 14:33:38 - http://sandbox.nganluong.vn:8088/nl30/checkout/version31/index/token_code/35880-b7fab186add5cf370d1cba12afc0e528
04-21-2017 @ 01:34:19 - http://sandbox.nganluong.vn:8088/nl30/checkout/version31/index/token_code/35912-35ba1cf3078e6f10cba0a85aa22c813d
04-21-2017 @ 02:47:22 - ::1{"order_id":"110","error_code":"00","token":"35912-35ba1cf3078e6f10cba0a85aa22c813d"}
04-21-2017 @ 02:54:55 - ::1{"order_id":"110","error_code":"00","token":"35912-35ba1cf3078e6f10cba0a85aa22c813d"}
04-21-2017 @ 03:07:54 - ::1{"order_id":"110","error_code":"00","token":"35912-35ba1cf3078e6f10cba0a85aa22c813d"}
04-21-2017 @ 03:10:23 - ::1{"order_id":"110","error_code":"00","token":"35912-35ba1cf3078e6f10cba0a85aa22c813d"}
04-21-2017 @ 03:11:19 - ::1{"order_id":"110","error_code":"00","token":"35912-35ba1cf3078e6f10cba0a85aa22c813d"}
04-21-2017 @ 03:11:33 - ::1{"order_id":"110","error_code":"00","token":"35912-35ba1cf3078e6f10cba0a85aa22c813d"}
04-21-2017 @ 03:12:00 - ::1{"order_id":"110","error_code":"00","token":"35912-35ba1cf3078e6f10cba0a85aa22c813d"}
04-21-2017 @ 03:22:13 - ::1{"order_id":"110","error_code":"00","token":"35912-35ba1cf3078e6f10cba0a85aa22c813d"}
04-21-2017 @ 03:23:05 - ::1{"order_id":"110","error_code":"00","token":"35912-35ba1cf3078e6f10cba0a85aa22c813d"}
04-21-2017 @ 03:25:05 - ::1{"order_id":"110","error_code":"00","token":"35912-35ba1cf3078e6f10cba0a85aa22c813d"}
04-21-2017 @ 03:25:37 - ::1{"order_id":"110","error_code":"00","token":"35912-35ba1cf3078e6f10cba0a85aa22c813d"}
04-21-2017 @ 03:25:41 - ::1{"order_id":"110","error_code":"00","token":"35912-35ba1cf3078e6f10cba0a85aa22c813d"}
04-21-2017 @ 03:26:03 - ::1{"order_id":"110","error_code":"00","token":"35912-35ba1cf3078e6f10cba0a85aa22c813d"}
04-21-2017 @ 03:34:33 - ::1{"order_id":"110","error_code":"00","token":"35912-35ba1cf3078e6f10cba0a85aa22c813d"}
04-21-2017 @ 03:34:54 - ::1{"order_id":"110","error_code":"00","token":"35912-35ba1cf3078e6f10cba0a85aa22c813d"}
04-21-2017 @ 03:35:07 - ::1{"order_id":"110","error_code":"00","token":"35912-35ba1cf3078e6f10cba0a85aa22c813d"}
04-21-2017 @ 03:35:53 - ::1{"order_id":"110","error_code":"00","token":"35912-35ba1cf3078e6f10cba0a85aa22c813d"}
04-21-2017 @ 03:36:15 - ::1{"order_id":"110","error_code":"00","token":"35912-35ba1cf3078e6f10cba0a85aa22c813d"}
04-21-2017 @ 03:41:09 - ::1{"order_id":"110","error_code":"00","token":"35912-35ba1cf3078e6f10cba0a85aa22c813d"}
04-21-2017 @ 03:41:21 - ::1{"order_id":"110","error_code":"00","token":"35912-35ba1cf3078e6f10cba0a85aa22c813d"}
04-21-2017 @ 03:41:58 - ::1{"order_id":"110","error_code":"00","token":"35912-35ba1cf3078e6f10cba0a85aa22c813d"}
04-21-2017 @ 03:45:31 - ::1{"order_id":"110","error_code":"00","token":"35912-35ba1cf3078e6f10cba0a85aa22c813d"}
04-21-2017 @ 03:45:36 - ::1{"order_id":"110","error_code":"00","token":"35912-35ba1cf3078e6f10cba0a85aa22c813d"}
04-21-2017 @ 03:45:44 - ::1{"order_id":"110","error_code":"00","token":"35912-35ba1cf3078e6f10cba0a85aa22c813d"}
04-21-2017 @ 03:46:08 - ::1{"order_id":"110","error_code":"00","token":"35912-35ba1cf3078e6f10cba0a85aa22c813d"}
04-21-2017 @ 03:52:53 - ::1{"order_id":"110","error_code":"00","token":"35912-35ba1cf3078e6f10cba0a85aa22c813d"}
04-21-2017 @ 04:10:18 - ::1{"order_id":"110","error_code":"00","token":"35912-35ba1cf3078e6f10cba0a85aa22c813d"}
04-21-2017 @ 04:10:20 - ::1{"order_id":"110","error_code":"00","token":"35912-35ba1cf3078e6f10cba0a85aa22c813d"}
04-21-2017 @ 04:10:34 - ::1{"order_id":"110","error_code":"00","token":"35912-35ba1cf3078e6f10cba0a85aa22c813d"}
04-21-2017 @ 04:10:49 - ::1{"order_id":"110","error_code":"00","token":"35912-35ba1cf3078e6f10cba0a85aa22c813d"}
04-21-2017 @ 04:10:58 - ::1{"order_id":"110","error_code":"00","token":"35912-35ba1cf3078e6f10cba0a85aa22c813d"}
04-21-2017 @ 04:16:42 - ::1{"order_id":"110","error_code":"00","token":"35912-35ba1cf3078e6f10cba0a85aa22c813d"}
04-21-2017 @ 04:36:33 - ::1{"order_id":"110","error_code":"00","token":"35912-35ba1cf3078e6f10cba0a85aa22c813d"}
04-21-2017 @ 04:37:36 - ::1{"order_id":"110","error_code":"00","token":"35912-35ba1cf3078e6f10cba0a85aa22c813d"}
04-21-2017 @ 04:38:22 - ::1{"order_id":"110","error_code":"00","token":"35912-35ba1cf3078e6f10cba0a85aa22c813d"}
04-21-2017 @ 04:39:37 - ::1{"order_id":"110","error_code":"00","token":"35912-35ba1cf3078e6f10cba0a85aa22c813d"}
04-21-2017 @ 04:43:43 - ::1{"order_id":"110","error_code":"00","token":"35912-35ba1cf3078e6f10cba0a85aa22c813d"}
04-21-2017 @ 04:48:59 - ::1{"order_id":"110","error_code":"00","token":"35912-35ba1cf3078e6f10cba0a85aa22c813d"}
04-21-2017 @ 04:55:52 - ::1{"order_id":"110","error_code":"00","token":"35912-35ba1cf3078e6f10cba0a85aa22c813d"}
04-21-2017 @ 04:55:53 - Cập nhật đơn hàng ID: 110 trạng thái 
04-21-2017 @ 05:04:01 - http://sandbox.nganluong.vn:8088/nl30/checkout/version31/index/token_code/35935-9d86dc2dca9f5e7cf0fd5d13ca410e35
04-21-2017 @ 05:04:29 - ::1{"order_id":"111","error_code":"00","token":"35935-9d86dc2dca9f5e7cf0fd5d13ca410e35"}
04-21-2017 @ 05:07:20 - ::1{"order_id":"111","error_code":"00","token":"35935-9d86dc2dca9f5e7cf0fd5d13ca410e35"}
04-21-2017 @ 05:07:28 - ::1{"order_id":"111","error_code":"00","token":"35935-9d86dc2dca9f5e7cf0fd5d13ca410e35"}
04-21-2017 @ 05:07:47 - ::1{"order_id":"111","error_code":"00","token":"35935-9d86dc2dca9f5e7cf0fd5d13ca410e35"}
04-21-2017 @ 05:07:51 - Cập nhật đơn hàng ID: 111 trạng thái 
04-21-2017 @ 05:09:27 - http://sandbox.nganluong.vn:8088/nl30/checkout/version31/index/token_code/35936-6f3ef989523527522c2bb2f51cfcc7df
04-21-2017 @ 05:09:57 - ::1{"order_id":"112","error_code":"00","token":"35936-6f3ef989523527522c2bb2f51cfcc7df"}
04-21-2017 @ 05:10:01 - Cập nhật đơn hàng ID: 112 trạng thái 
04-21-2017 @ 06:18:20 - http://sandbox.nganluong.vn:8088/nl30/checkout/version31/index/token_code/35939-f1e0c35b11bad4bdbfef4f0f98b07021
04-21-2017 @ 06:33:46 - http://sandbox.nganluong.vn:8088/nl30/checkout/version31/index/token_code/35940-c76e6a67b1290e82f990a55934159c90
04-21-2017 @ 06:35:21 - 
04-21-2017 @ 06:43:16 - 
04-21-2017 @ 06:43:30 - 
04-21-2017 @ 06:43:49 - 
04-21-2017 @ 06:43:58 - 
04-21-2017 @ 06:44:18 - http://sandbox.nganluong.vn:8088/nl30/checkout/version31/index/token_code/35941-1297a58a73189dc22beaef65e646f81e
04-21-2017 @ 06:44:59 - 
04-21-2017 @ 06:45:12 - 
04-21-2017 @ 06:47:00 - http://sandbox.nganluong.vn:8088/nl30/checkout/version31/index/token_code/35942-614076cc71c6dd681fda0906181fee24
04-21-2017 @ 06:49:02 - http://sandbox.nganluong.vn:8088/nl30/checkout/version31/index/token_code/35943-64df0a6041b3f3c435155ccc92ffdb2b
04-21-2017 @ 06:49:40 - http://sandbox.nganluong.vn:8088/nl30/checkout/version31/index/token_code/35944-b0b9c20e49f3c45b2dcd88f78d3e8580
04-21-2017 @ 06:50:32 - http://sandbox.nganluong.vn:8088/nl30/checkout/version31/index/token_code/35945-928f79dc8e1fbec33aedbc48928c4b27
04-21-2017 @ 06:53:58 - http://sandbox.nganluong.vn:8088/nl30/checkout/version31/index/token_code/35946-9cc90e5c5574f0c2b190bad3f08bd74a
04-21-2017 @ 06:54:29 - ::1{"order_id":"113","error_code":"00","token":"35946-9cc90e5c5574f0c2b190bad3f08bd74a"}
04-21-2017 @ 06:54:33 - Cập nhật đơn hàng ID: 113 trạng thái 
04-21-2017 @ 07:19:26 - http://sandbox.nganluong.vn:8088/nl30/checkout/version31/index/token_code/35947-7fb7befcd9c661eb4b58aceb9b932c69
04-21-2017 @ 07:20:59 - ::1{"order_id":"114","error_code":"00","token":"35947-7fb7befcd9c661eb4b58aceb9b932c69"}
04-21-2017 @ 07:21:02 - Cập nhật đơn hàng ID: 114 trạng thái 
04-21-2017 @ 07:24:35 - http://sandbox.nganluong.vn:8088/nl30/checkout/version31/index/token_code/35948-030b98e67f5a9a48fe35d874130bcbf0
04-21-2017 @ 07:24:59 - ::1{"order_id":"115","error_code":"00","token":"35948-030b98e67f5a9a48fe35d874130bcbf0"}
04-21-2017 @ 07:26:41 - ::1{"order_id":"115","error_code":"00","token":"35948-030b98e67f5a9a48fe35d874130bcbf0"}
04-21-2017 @ 07:28:22 - ::1{"order_id":"115","error_code":"00","token":"35948-030b98e67f5a9a48fe35d874130bcbf0"}
04-21-2017 @ 07:37:19 - ::1{"order_id":"115","error_code":"00","token":"35948-030b98e67f5a9a48fe35d874130bcbf0"}
04-21-2017 @ 07:37:22 - Cập nhật đơn hàng ID: macode_1492759470 trạng thái Thành công
